<?xml version="1.0" encoding="UTF-8"?>
<!-- Generated by org.testng.reporters.JUnitReportReporter -->
<testsuite hostname="DESKTOP-JER1GPA" failures="0" tests="1" name="swethapanchumarthy.SubmitOrderTest" time="9.242" errors="0" timestamp="2023-02-05T17:32:48 IST" skipped="0">
  <testcase classname="swethapanchumarthy.SubmitOrderTest" name="submitOrder" time="9.242"/>
  <system-out/>
</testsuite> <!-- swethapanchumarthy.SubmitOrderTest -->
