<?xml version="1.0" encoding="UTF-8"?>
<!-- Generated by org.testng.reporters.JUnitReportReporter -->
<testsuite hostname="DESKTOP-JER1GPA" failures="0" tests="2" name="swethapanchumarthy.ErrorValidations" time="13.034" errors="0" timestamp="2023-02-06T11:21:51 IST" skipped="0">
  <testcase classname="swethapanchumarthy.ErrorValidations" name="loginerrorValidation" time="5.351"/>
  <system-out/>
  <testcase classname="swethapanchumarthy.ErrorValidations" name="producterrorValidation" time="7.683"/>
  <system-out/>
</testsuite> <!-- swethapanchumarthy.ErrorValidations -->
