<?xml version="1.0" encoding="UTF-8"?>
<!-- Generated by org.testng.reporters.JUnitReportReporter -->
<testsuite hostname="DESKTOP-JER1GPA" failures="0" tests="3" name="swethapanchumarthy.Tests.SubmitOrderTest" time="26.919" errors="0" timestamp="2023-02-13T10:02:04 IST" skipped="0">
  <testcase classname="swethapanchumarthy.Tests.SubmitOrderTest" name="OrderHistoryTest" time="5.561"/>
  <system-out/>
  <testcase classname="swethapanchumarthy.Tests.SubmitOrderTest" name="submitOrder" time="12.617"/>
  <system-out/>
  <testcase classname="swethapanchumarthy.Tests.SubmitOrderTest" name="submitOrder" time="8.741"/>
  <system-out/>
</testsuite> <!-- swethapanchumarthy.Tests.SubmitOrderTest -->
